[debug] [2020-05-08T11:07:48.412Z] ----------------------------------------------------------------------
[debug] [2020-05-08T11:07:48.414Z] Command:       /usr/local/bin/node /usr/local/bin/firebase serve
[debug] [2020-05-08T11:07:48.414Z] CLI Version:   8.2.0
[debug] [2020-05-08T11:07:48.414Z] Platform:      darwin
[debug] [2020-05-08T11:07:48.414Z] Node Version:  v12.15.0
[debug] [2020-05-08T11:07:48.415Z] Time:          Fri May 08 2020 18:07:48 GMT+0700 (Western Indonesia Time)
[debug] [2020-05-08T11:07:48.415Z] ----------------------------------------------------------------------
[debug] [2020-05-08T11:07:48.415Z] 
[debug] [2020-05-08T11:07:48.421Z] > command requires scopes: ["email","openid","https://www.googleapis.com/auth/cloudplatformprojects.readonly","https://www.googleapis.com/auth/firebase","https://www.googleapis.com/auth/cloud-platform"]
[debug] [2020-05-08T11:07:48.422Z] > authorizing via signed-in user
[debug] [2020-05-08T11:07:48.422Z] [iam] checking project login-21735 for permissions ["firebase.projects.get"]
[debug] [2020-05-08T11:07:48.424Z] >>> HTTP REQUEST POST https://cloudresourcemanager.googleapis.com/v1/projects/login-21735:testIamPermissions  
 {"permissions":["firebase.projects.get"]}
[debug] [2020-05-08T11:07:49.650Z] <<< HTTP RESPONSE 200 {"content-type":"application/json; charset=UTF-8","vary":"X-Origin, Referer, Origin,Accept-Encoding","date":"Fri, 08 May 2020 11:07:49 GMT","server":"ESF","cache-control":"private","x-xss-protection":"0","x-frame-options":"SAMEORIGIN","x-content-type-options":"nosniff","server-timing":"gfet4t7; dur=1042","alt-svc":"h3-27=\":443\"; ma=2592000,h3-25=\":443\"; ma=2592000,h3-Q050=\":443\"; ma=2592000,h3-Q049=\":443\"; ma=2592000,h3-Q048=\":443\"; ma=2592000,h3-Q046=\":443\"; ma=2592000,h3-Q043=\":443\"; ma=2592000,quic=\":443\"; ma=2592000; v=\"46,43\"","accept-ranges":"none","transfer-encoding":"chunked"}
[debug] [2020-05-08T11:07:49.652Z] >>> HTTP REQUEST GET https://firebase.googleapis.com/v1beta1/projects/login-21735  
 
[debug] [2020-05-08T11:07:50.056Z] <<< HTTP RESPONSE 200 {"content-type":"application/json; charset=UTF-8","vary":"X-Origin, Referer, Origin,Accept-Encoding","date":"Fri, 08 May 2020 11:07:49 GMT","server":"ESF","cache-control":"private","x-xss-protection":"0","x-frame-options":"SAMEORIGIN","x-content-type-options":"nosniff","alt-svc":"h3-27=\":443\"; ma=2592000,h3-25=\":443\"; ma=2592000,h3-Q050=\":443\"; ma=2592000,h3-Q049=\":443\"; ma=2592000,h3-Q048=\":443\"; ma=2592000,h3-Q046=\":443\"; ma=2592000,h3-Q043=\":443\"; ma=2592000,quic=\":443\"; ma=2592000; v=\"46,43\"","accept-ranges":"none","transfer-encoding":"chunked"}
[info] 
[info] === Serving from '/Users/adityapanca/Documents/KULIAH/SEMESTER6/Tugas_AdityaPanca_1741720187_PBF/aditya-minggu12'...
[info] 
[debug] [2020-05-08T11:07:50.058Z] >>> HTTP REQUEST GET https://firebase.googleapis.com/v1beta1/projects/login-21735/webApps/-/config  
 
[debug] [2020-05-08T11:07:50.985Z] <<< HTTP RESPONSE 200 {"content-type":"application/json; charset=UTF-8","vary":"X-Origin, Referer, Origin,Accept-Encoding","date":"Fri, 08 May 2020 11:07:50 GMT","server":"ESF","cache-control":"private","x-xss-protection":"0","x-frame-options":"SAMEORIGIN","x-content-type-options":"nosniff","alt-svc":"h3-27=\":443\"; ma=2592000,h3-25=\":443\"; ma=2592000,h3-Q050=\":443\"; ma=2592000,h3-Q049=\":443\"; ma=2592000,h3-Q048=\":443\"; ma=2592000,h3-Q046=\":443\"; ma=2592000,h3-Q043=\":443\"; ma=2592000,quic=\":443\"; ma=2592000; v=\"46,43\"","accept-ranges":"none","transfer-encoding":"chunked"}
[info] i  hosting: Serving hosting files from: public
[info] ✔  hosting: Local server: http://localhost:5000
