[debug] [2020-04-23T04:21:00.334Z] ----------------------------------------------------------------------
[debug] [2020-04-23T04:21:00.336Z] Command:       /usr/local/bin/node /usr/local/bin/firebase serve
[debug] [2020-04-23T04:21:00.336Z] CLI Version:   8.1.1
[debug] [2020-04-23T04:21:00.336Z] Platform:      darwin
[debug] [2020-04-23T04:21:00.336Z] Node Version:  v12.15.0
[debug] [2020-04-23T04:21:00.337Z] Time:          Thu Apr 23 2020 11:21:00 GMT+0700 (Western Indonesia Time)
[debug] [2020-04-23T04:21:00.337Z] ----------------------------------------------------------------------
[debug] [2020-04-23T04:21:00.337Z] 
[debug] [2020-04-23T04:21:00.344Z] > command requires scopes: ["email","openid","https://www.googleapis.com/auth/cloudplatformprojects.readonly","https://www.googleapis.com/auth/firebase","https://www.googleapis.com/auth/cloud-platform"]
[debug] [2020-04-23T04:21:00.344Z] > authorizing via signed-in user
[debug] [2020-04-23T04:21:00.344Z] [iam] checking project login-21735 for permissions ["firebase.projects.get"]
[debug] [2020-04-23T04:21:00.347Z] >>> HTTP REQUEST POST https://cloudresourcemanager.googleapis.com/v1/projects/login-21735:testIamPermissions  
 {"permissions":["firebase.projects.get"]}
[debug] [2020-04-23T04:21:01.669Z] <<< HTTP RESPONSE 200 {"content-type":"application/json; charset=UTF-8","vary":"X-Origin, Referer, Origin,Accept-Encoding","date":"Thu, 23 Apr 2020 04:21:01 GMT","server":"ESF","cache-control":"private","x-xss-protection":"0","x-frame-options":"SAMEORIGIN","x-content-type-options":"nosniff","server-timing":"gfet4t7; dur=1209","alt-svc":"quic=\":443\"; ma=2592000; v=\"46,43\",h3-Q050=\":443\"; ma=2592000,h3-Q049=\":443\"; ma=2592000,h3-Q048=\":443\"; ma=2592000,h3-Q046=\":443\"; ma=2592000,h3-Q043=\":443\"; ma=2592000,h3-T050=\":443\"; ma=2592000","accept-ranges":"none","transfer-encoding":"chunked"}
[debug] [2020-04-23T04:21:01.671Z] >>> HTTP REQUEST GET https://firebase.googleapis.com/v1beta1/projects/login-21735  
 
[debug] [2020-04-23T04:21:02.030Z] <<< HTTP RESPONSE 200 {"content-type":"application/json; charset=UTF-8","vary":"X-Origin, Referer, Origin,Accept-Encoding","date":"Thu, 23 Apr 2020 04:21:02 GMT","server":"ESF","cache-control":"private","x-xss-protection":"0","x-frame-options":"SAMEORIGIN","x-content-type-options":"nosniff","alt-svc":"quic=\":443\"; ma=2592000; v=\"46,43\",h3-Q050=\":443\"; ma=2592000,h3-Q049=\":443\"; ma=2592000,h3-Q048=\":443\"; ma=2592000,h3-Q046=\":443\"; ma=2592000,h3-Q043=\":443\"; ma=2592000,h3-T050=\":443\"; ma=2592000","accept-ranges":"none","transfer-encoding":"chunked"}
[info] 
[info] === Serving from '/Users/adityapanca/Documents/KULIAH/SEMESTER6/Tugas_AdityaPanca_1741720187_PBF/aditya-minggu12'...
[info] 
[debug] [2020-04-23T04:21:02.033Z] >>> HTTP REQUEST GET https://firebase.googleapis.com/v1beta1/projects/login-21735/webApps/-/config  
 
[debug] [2020-04-23T04:21:03.040Z] <<< HTTP RESPONSE 200 {"content-type":"application/json; charset=UTF-8","vary":"X-Origin, Referer, Origin,Accept-Encoding","date":"Thu, 23 Apr 2020 04:21:03 GMT","server":"ESF","cache-control":"private","x-xss-protection":"0","x-frame-options":"SAMEORIGIN","x-content-type-options":"nosniff","alt-svc":"quic=\":443\"; ma=2592000; v=\"46,43\",h3-Q050=\":443\"; ma=2592000,h3-Q049=\":443\"; ma=2592000,h3-Q048=\":443\"; ma=2592000,h3-Q046=\":443\"; ma=2592000,h3-Q043=\":443\"; ma=2592000,h3-T050=\":443\"; ma=2592000","accept-ranges":"none","transfer-encoding":"chunked"}
[info] i  hosting: Serving hosting files from: public
[info] ✔  hosting: Local server: http://localhost:5000
